19:34:33.122 [main] INFO  com.intuit.karate.Suite - backed up existing 'target\karate-reports' dir to: target\karate-reports_1659659673120
19:34:34.536 [main] INFO  com.intuit.karate.Suite - <<pass>> feature 1 of 1 (0 remaining) src/test/java/karateTest.feature
20:19:40.286 [main] INFO  com.intuit.karate.Suite - backed up existing 'target\karate-reports' dir to: target\karate-reports_1659662380284
20:19:40.311 [main] INFO  c.intuit.karate.core.FeatureRuntime - found scenario at line: 3 - ^caso de pruebas$
20:19:41.263 [main] DEBUG com.intuit.karate - request:
1 > GET https://reqres.in/api/users/2
1 > Host: reqres.in
1 > Connection: Keep-Alive
1 > User-Agent: Apache-HttpClient/4.5.13 (Java/1.8.0_342)
1 > Accept-Encoding: gzip,deflate


20:19:41.736 [main] DEBUG com.intuit.karate - response time in milliseconds: 471
1 < 200
1 < Date: Fri, 05 Aug 2022 01:19:49 GMT
1 < Content-Type: application/json; charset=utf-8
1 < Transfer-Encoding: chunked
1 < Connection: keep-alive
1 < X-Powered-By: Express
1 < Access-Control-Allow-Origin: *
1 < Etag: W/"118-pbdwwFo9SKNhD3Lx5iHJyngpq00"
1 < Via: 1.1 vegur
1 < Cache-Control: max-age=14400
1 < CF-Cache-Status: HIT
1 < Age: 4788
1 < Expect-CT: max-age=604800, report-uri="https://report-uri.cloudflare.com/cdn-cgi/beacon/expect-ct"
1 < Report-To: {"endpoints":[{"url":"https:\/\/a.nel.cloudflare.com\/report\/v3?s=8BqpQ0KoN%2F2iwBt58GsaqW0cZRh5DzONTlTGeSYw2%2FQOzyodRKQzEBMrEROSlC%2Bae%2BMcO4WZJd7Lo4RE%2FefJ5%2FfHwMe%2Fuf7TauLwY%2F36qPeGLy5DC3YCK0p%2FnA%3D%3D"}],"group":"cf-nel","max_age":604800}
1 < NEL: {"success_fraction":0,"report_to":"cf-nel","max_age":604800}
1 < Vary: Accept-Encoding
1 < Server: cloudflare
1 < CF-RAY: 735bb4f00e9c7ee9-LAX
{"data":{"id":2,"email":"janet.weaver@reqres.in","first_name":"Janet","last_name":"Weaver","avatar":"https://reqres.in/img/faces/2-image.jpg"},"support":{"url":"https://reqres.in/#support-heading","text":"To keep ReqRes free, contributions towards server costs are appreciated!"}}

20:19:42.369 [main] INFO  com.intuit.karate.Suite - <<pass>> feature 1 of 1 (0 remaining) src/test/java/karateTest.feature
21:37:19.762 [main] INFO  com.intuit.karate.Suite - backed up existing 'target\karate-reports' dir to: target\karate-reports_1659667039761
21:37:19.786 [main] INFO  c.intuit.karate.core.FeatureRuntime - found scenario at line: 3 - ^caso de pruebas$
21:37:20.721 [main] DEBUG com.intuit.karate - request:
1 > GET https://reqres.in/api/users/2
1 > Host: reqres.in
1 > Connection: Keep-Alive
1 > User-Agent: Apache-HttpClient/4.5.13 (Java/1.8.0_342)
1 > Accept-Encoding: gzip,deflate


21:37:21.213 [main] DEBUG com.intuit.karate - response time in milliseconds: 490
1 < 200
1 < Date: Fri, 05 Aug 2022 02:37:29 GMT
1 < Content-Type: application/json; charset=utf-8
1 < Transfer-Encoding: chunked
1 < Connection: keep-alive
1 < X-Powered-By: Express
1 < Access-Control-Allow-Origin: *
1 < Etag: W/"118-pbdwwFo9SKNhD3Lx5iHJyngpq00"
1 < Via: 1.1 vegur
1 < Cache-Control: max-age=14400
1 < CF-Cache-Status: HIT
1 < Age: 1946
1 < Expect-CT: max-age=604800, report-uri="https://report-uri.cloudflare.com/cdn-cgi/beacon/expect-ct"
1 < Report-To: {"endpoints":[{"url":"https:\/\/a.nel.cloudflare.com\/report\/v3?s=T%2F7Emw5RMh8Wvh0caNorwvJv7GWv285FnMd4d8NBYO%2F22Wo4mq77VY5jH8co%2FND1A8agaXh7FhDviPoERKeXQgUVywM4sscf3gdORBz1hWsEVdRguy48vxMuHA%3D%3D"}],"group":"cf-nel","max_age":604800}
1 < NEL: {"success_fraction":0,"report_to":"cf-nel","max_age":604800}
1 < Vary: Accept-Encoding
1 < Server: cloudflare
1 < CF-RAY: 735c26b1dc3e7ed5-LAX
{"data":{"id":2,"email":"janet.weaver@reqres.in","first_name":"Janet","last_name":"Weaver","avatar":"https://reqres.in/img/faces/2-image.jpg"},"support":{"url":"https://reqres.in/#support-heading","text":"To keep ReqRes free, contributions towards server costs are appreciated!"}}

21:37:21.869 [main] INFO  com.intuit.karate.Suite - <<pass>> feature 1 of 1 (0 remaining) src/test/java/karateTest.feature
21:40:58.398 [main] INFO  com.intuit.karate.Suite - backed up existing 'target\karate-reports' dir to: target\karate-reports_1659667258396
21:40:58.423 [main] INFO  c.intuit.karate.core.FeatureRuntime - found scenario at line: 3 - ^caso de pruebas$
21:40:59.418 [main] DEBUG com.intuit.karate - request:
1 > GET https://reqres.in/api/users/2
1 > Host: reqres.in
1 > Connection: Keep-Alive
1 > User-Agent: Apache-HttpClient/4.5.13 (Java/1.8.0_342)
1 > Accept-Encoding: gzip,deflate


21:40:59.953 [main] DEBUG com.intuit.karate - response time in milliseconds: 532
1 < 200
1 < Date: Fri, 05 Aug 2022 02:41:08 GMT
1 < Content-Type: application/json; charset=utf-8
1 < Transfer-Encoding: chunked
1 < Connection: keep-alive
1 < X-Powered-By: Express
1 < Access-Control-Allow-Origin: *
1 < Etag: W/"118-pbdwwFo9SKNhD3Lx5iHJyngpq00"
1 < Via: 1.1 vegur
1 < Cache-Control: max-age=14400
1 < CF-Cache-Status: HIT
1 < Age: 5949
1 < Expect-CT: max-age=604800, report-uri="https://report-uri.cloudflare.com/cdn-cgi/beacon/expect-ct"
1 < Report-To: {"endpoints":[{"url":"https:\/\/a.nel.cloudflare.com\/report\/v3?s=hc1wSAecPh92BaZtYL1i5XE%2BX8khFdfK76YoRHix6gE79WcaEY4Plq%2BeGf5uwSw1gwdthHuqn2MDOvZfBINcvFNN3bf1M7o35g2WqIjjKZU%2BVs97oVTJH%2BCepg%3D%3D"}],"group":"cf-nel","max_age":604800}
1 < NEL: {"success_fraction":0,"report_to":"cf-nel","max_age":604800}
1 < Vary: Accept-Encoding
1 < Server: cloudflare
1 < CF-RAY: 735c2c08ff757cb6-LAX
{"data":{"id":2,"email":"janet.weaver@reqres.in","first_name":"Janet","last_name":"Weaver","avatar":"https://reqres.in/img/faces/2-image.jpg"},"support":{"url":"https://reqres.in/#support-heading","text":"To keep ReqRes free, contributions towards server costs are appreciated!"}}

21:41:00.022 [main] ERROR com.intuit.karate - src/test/java/karateTest.feature:6
And match response.data.first_name == 'alex'
match failed: EQUALS
  $ | not equal (STRING:STRING)
  'Janet'
  'alex'

src/test/java/karateTest.feature:6
21:41:00.604 [main] INFO  com.intuit.karate.Suite - <<fail>> feature 1 of 1 (0 remaining) src/test/java/karateTest.feature
22:24:19.771 [main] INFO  com.intuit.karate.Suite - backed up existing 'target\karate-reports' dir to: target\karate-reports_1659669859769
22:24:19.795 [main] INFO  c.intuit.karate.core.FeatureRuntime - found scenario at line: 10 - ^caso de pruebas tipo POST$
22:24:20.797 [main] DEBUG com.intuit.karate - request:
1 > POST https://reqres.in/api/users
1 > Content-Type: application/json; charset=UTF-8
1 > Content-Length: 34
1 > Host: reqres.in
1 > Connection: Keep-Alive
1 > User-Agent: Apache-HttpClient/4.5.13 (Java/1.8.0_342)
1 > Accept-Encoding: gzip,deflate
{"name":"morpheus","job":"leader"}

22:24:21.606 [main] DEBUG com.intuit.karate - response time in milliseconds: 808
1 < 201
1 < Date: Fri, 05 Aug 2022 03:24:29 GMT
1 < Content-Type: application/json; charset=utf-8
1 < Content-Length: 84
1 < Connection: keep-alive
1 < X-Powered-By: Express
1 < Access-Control-Allow-Origin: *
1 < Etag: W/"54-f+aXS9JBnylxUlU7aiTLTdViMrc"
1 < Via: 1.1 vegur
1 < CF-Cache-Status: DYNAMIC
1 < Expect-CT: max-age=604800, report-uri="https://report-uri.cloudflare.com/cdn-cgi/beacon/expect-ct"
1 < Report-To: {"endpoints":[{"url":"https:\/\/a.nel.cloudflare.com\/report\/v3?s=f8LFXHxfFRHUJN1hCqdDQwEieKv5OOxb2Ywewkhw4%2BkQAiiEpZ8Z9jaNtYiVgV6AnBBe7tWYgZ%2BswgSGvrO2HUMibmkG3SMK0J62hq0LW9PiBGY1UvEYeOLLXg%3D%3D"}],"group":"cf-nel","max_age":604800}
1 < NEL: {"success_fraction":0,"report_to":"cf-nel","max_age":604800}
1 < Server: cloudflare
1 < CF-RAY: 735c6b8b69cb7b5d-LAX
{"name":"morpheus","job":"leader","id":"922","createdAt":"2022-08-05T03:24:29.594Z"}

22:24:22.214 [main] INFO  com.intuit.karate.Suite - <<pass>> feature 1 of 1 (0 remaining) src/test/java/karateTest.feature
